[2020-06-04 11:01:44,903] {__init__.py:1139} INFO - Dependencies all met for <TaskInstance: covid_italy_daily.check_public_data_exists 2020-06-03T09:00:00+00:00 [queued]>
[2020-06-04 11:01:44,907] {__init__.py:1139} INFO - Dependencies all met for <TaskInstance: covid_italy_daily.check_public_data_exists 2020-06-03T09:00:00+00:00 [queued]>
[2020-06-04 11:01:44,907] {__init__.py:1353} INFO - 
--------------------------------------------------------------------------------
[2020-06-04 11:01:44,907] {__init__.py:1354} INFO - Starting attempt 1 of 1
[2020-06-04 11:01:44,907] {__init__.py:1355} INFO - 
--------------------------------------------------------------------------------
[2020-06-04 11:01:44,917] {__init__.py:1374} INFO - Executing <Task(BigQueryCheckOperator): check_public_data_exists> on 2020-06-03T09:00:00+00:00
[2020-06-04 11:01:44,917] {base_task_runner.py:119} INFO - Running: ['airflow', 'run', 'covid_italy_daily', 'check_public_data_exists', '2020-06-03T09:00:00+00:00', '--job_id', '57', '--raw', '-sd', 'DAGS_FOLDER/covid_italy_daily.py', '--cfg_path', '/var/folders/y6/nhshp1rd3kj1kwtclmvq1nfsrtp362/T/tmpgryvkru4']
[2020-06-04 11:01:45,592] {base_task_runner.py:101} INFO - Job 57: Subtask check_public_data_exists [2020-06-04 11:01:45,592] {__init__.py:51} INFO - Using executor SequentialExecutor
[2020-06-04 11:01:45,787] {base_task_runner.py:101} INFO - Job 57: Subtask check_public_data_exists [2020-06-04 11:01:45,787] {__init__.py:305} INFO - Filling up the DagBag from /Users/rebecca.vickery/Documents/Github/airflow_sandbox/airflow/dags/covid_italy_daily.py
[2020-06-04 11:01:46,090] {base_task_runner.py:101} INFO - Job 57: Subtask check_public_data_exists [2020-06-04 11:01:46,090] {cli.py:517} INFO - Running <TaskInstance: covid_italy_daily.check_public_data_exists 2020-06-03T09:00:00+00:00 [running]> on host HX3286T2.local
[2020-06-04 11:01:46,106] {check_operator.py:80} INFO - Executing SQL check: 
                            select count(*) > 0
                            from bigquery-public-data.covid19_italy.data_by_region
                            where DATE(date) = '2020-06-03'
                        
[2020-06-04 11:01:46,577] {logging_mixin.py:95} WARNING - /Users/rebecca.vickery/.local/share/virtualenvs/airflow_sandbox-x5mYwKUH/lib/python3.7/site-packages/airflow/contrib/hooks/bigquery_hook.py:739: DeprecationWarning: Deprecated parameter `bql` used in `BigQueryBaseCursor.run_query` Use `sql` parameter instead to pass the sql to be executed. `bql` parameter is deprecated and will be removed in a future version of Airflow.
  category=DeprecationWarning)
[2020-06-04 11:01:47,616] {logging_mixin.py:95} INFO - [2020-06-04 11:01:47,616] {bigquery_hook.py:1251} INFO - Waiting for job to complete : sandbox-278915, job_1RMIHAAix-D--WlbPTELMOEGJdZb
[2020-06-04 11:01:53,205] {check_operator.py:82} INFO - Record: [True]
[2020-06-04 11:01:53,205] {check_operator.py:88} INFO - Success.
[2020-06-04 11:01:54,891] {logging_mixin.py:95} INFO - [2020-06-04 11:01:54,891] {jobs.py:2562} INFO - Task exited with return code 0
