[2020-05-31 13:36:30,382] {__init__.py:1139} INFO - Dependencies all met for <TaskInstance: tutorial.sleep 2020-05-30T00:00:00+00:00 [queued]>
[2020-05-31 13:36:30,390] {__init__.py:1139} INFO - Dependencies all met for <TaskInstance: tutorial.sleep 2020-05-30T00:00:00+00:00 [queued]>
[2020-05-31 13:36:30,390] {__init__.py:1353} INFO - 
--------------------------------------------------------------------------------
[2020-05-31 13:36:30,390] {__init__.py:1354} INFO - Starting attempt 1 of 2
[2020-05-31 13:36:30,390] {__init__.py:1355} INFO - 
--------------------------------------------------------------------------------
[2020-05-31 13:36:30,395] {__init__.py:1374} INFO - Executing <Task(BashOperator): sleep> on 2020-05-30T00:00:00+00:00
[2020-05-31 13:36:30,395] {base_task_runner.py:119} INFO - Running: ['airflow', 'run', 'tutorial', 'sleep', '2020-05-30T00:00:00+00:00', '--job_id', '12', '--raw', '-sd', '/Users/rebecca.vickery/.local/share/virtualenvs/airflow_sandbox-x5mYwKUH/lib/python3.7/site-packages/airflow/example_dags/tutorial.py', '--cfg_path', '/var/folders/y6/nhshp1rd3kj1kwtclmvq1nfsrtp362/T/tmpkrkg0tqn']
[2020-05-31 13:36:31,026] {base_task_runner.py:101} INFO - Job 12: Subtask sleep [2020-05-31 13:36:31,026] {__init__.py:51} INFO - Using executor SequentialExecutor
[2020-05-31 13:36:31,216] {base_task_runner.py:101} INFO - Job 12: Subtask sleep [2020-05-31 13:36:31,216] {__init__.py:305} INFO - Filling up the DagBag from /Users/rebecca.vickery/.local/share/virtualenvs/airflow_sandbox-x5mYwKUH/lib/python3.7/site-packages/airflow/example_dags/tutorial.py
[2020-05-31 13:36:31,230] {base_task_runner.py:101} INFO - Job 12: Subtask sleep [2020-05-31 13:36:31,230] {cli.py:517} INFO - Running <TaskInstance: tutorial.sleep 2020-05-30T00:00:00+00:00 [running]> on host HX3286T2.local
[2020-05-31 13:36:31,241] {bash_operator.py:81} INFO - Tmp dir root location: 
 /var/folders/y6/nhshp1rd3kj1kwtclmvq1nfsrtp362/T
[2020-05-31 13:36:31,241] {bash_operator.py:90} INFO - Exporting the following env vars:
AIRFLOW_CTX_DAG_ID=tutorial
AIRFLOW_CTX_TASK_ID=sleep
AIRFLOW_CTX_EXECUTION_DATE=2020-05-30T00:00:00+00:00
AIRFLOW_CTX_DAG_RUN_ID=backfill_2020-05-30T00:00:00+00:00
[2020-05-31 13:36:31,242] {bash_operator.py:104} INFO - Temporary script location: /var/folders/y6/nhshp1rd3kj1kwtclmvq1nfsrtp362/T/airflowtmprrj6td3b/sleeprlrp102i
[2020-05-31 13:36:31,242] {bash_operator.py:114} INFO - Running command: sleep 5
[2020-05-31 13:36:31,247] {bash_operator.py:123} INFO - Output:
[2020-05-31 13:36:36,256] {bash_operator.py:131} INFO - Command exited with return code 0
[2020-05-31 13:36:40,387] {logging_mixin.py:95} INFO - [2020-05-31 13:36:40,387] {jobs.py:2562} INFO - Task exited with return code 0
