[2020-06-02 10:11:53,059] {__init__.py:1139} INFO - Dependencies all met for <TaskInstance: covid_italy_daily.check_public_data_exists 2020-06-01T09:00:00+00:00 [queued]>
[2020-06-02 10:11:53,064] {__init__.py:1139} INFO - Dependencies all met for <TaskInstance: covid_italy_daily.check_public_data_exists 2020-06-01T09:00:00+00:00 [queued]>
[2020-06-02 10:11:53,064] {__init__.py:1353} INFO - 
--------------------------------------------------------------------------------
[2020-06-02 10:11:53,064] {__init__.py:1354} INFO - Starting attempt 1 of 1
[2020-06-02 10:11:53,064] {__init__.py:1355} INFO - 
--------------------------------------------------------------------------------
[2020-06-02 10:11:53,071] {__init__.py:1374} INFO - Executing <Task(BigQueryCheckOperator): check_public_data_exists> on 2020-06-01T09:00:00+00:00
[2020-06-02 10:11:53,071] {base_task_runner.py:119} INFO - Running: ['airflow', 'run', 'covid_italy_daily', 'check_public_data_exists', '2020-06-01T09:00:00+00:00', '--job_id', '47', '--raw', '-sd', 'DAGS_FOLDER/covid_italy_daily.py', '--cfg_path', '/var/folders/y6/nhshp1rd3kj1kwtclmvq1nfsrtp362/T/tmpm7j74fhh']
[2020-06-02 10:11:53,843] {base_task_runner.py:101} INFO - Job 47: Subtask check_public_data_exists [2020-06-02 10:11:53,842] {__init__.py:51} INFO - Using executor SequentialExecutor
[2020-06-02 10:11:54,102] {base_task_runner.py:101} INFO - Job 47: Subtask check_public_data_exists [2020-06-02 10:11:54,101] {__init__.py:305} INFO - Filling up the DagBag from /Users/rebecca.vickery/Documents/Github/airflow_sandbox/airflow/dags/covid_italy_daily.py
[2020-06-02 10:11:54,457] {base_task_runner.py:101} INFO - Job 47: Subtask check_public_data_exists [2020-06-02 10:11:54,457] {cli.py:517} INFO - Running <TaskInstance: covid_italy_daily.check_public_data_exists 2020-06-01T09:00:00+00:00 [running]> on host HX3286T2.local
[2020-06-02 10:11:54,476] {check_operator.py:80} INFO - Executing SQL check: 
                            select count(*) > 0
                            from bigquery-public-data.covid19_italy.data_by_region
                            where DATE(date) = '2020-06-01'
                        
[2020-06-02 10:11:55,791] {logging_mixin.py:95} WARNING - /Users/rebecca.vickery/.local/share/virtualenvs/airflow_sandbox-x5mYwKUH/lib/python3.7/site-packages/airflow/contrib/hooks/bigquery_hook.py:739: DeprecationWarning: Deprecated parameter `bql` used in `BigQueryBaseCursor.run_query` Use `sql` parameter instead to pass the sql to be executed. `bql` parameter is deprecated and will be removed in a future version of Airflow.
  category=DeprecationWarning)
[2020-06-02 10:11:57,229] {logging_mixin.py:95} INFO - [2020-06-02 10:11:57,229] {bigquery_hook.py:1251} INFO - Waiting for job to complete : sandbox-278915, job_6TMDQqJEWStRy4sxBDcd5AD9ygpp
[2020-06-02 10:12:02,969] {check_operator.py:82} INFO - Record: [True]
[2020-06-02 10:12:02,969] {check_operator.py:88} INFO - Success.
[2020-06-02 10:12:03,061] {logging_mixin.py:95} INFO - [2020-06-02 10:12:03,061] {jobs.py:2630} WARNING - State of this instance has been externally set to success. Taking the poison pill.
[2020-06-02 10:12:03,068] {helpers.py:281} INFO - Sending Signals.SIGTERM to GPID 85999
[2020-06-02 10:12:03,084] {helpers.py:263} INFO - Process psutil.Process(pid=85999, status='terminated') (85999) terminated with exit code -15
[2020-06-02 10:12:03,085] {logging_mixin.py:95} INFO - [2020-06-02 10:12:03,084] {jobs.py:2562} INFO - Task exited with return code 0
