[2020-06-01 15:33:25,063] {__init__.py:1139} INFO - Dependencies all met for <TaskInstance: covid_italy_daily.load_public_data 2020-05-31T09:00:00+00:00 [queued]>
[2020-06-01 15:33:25,071] {__init__.py:1139} INFO - Dependencies all met for <TaskInstance: covid_italy_daily.load_public_data 2020-05-31T09:00:00+00:00 [queued]>
[2020-06-01 15:33:25,071] {__init__.py:1353} INFO - 
--------------------------------------------------------------------------------
[2020-06-01 15:33:25,071] {__init__.py:1354} INFO - Starting attempt 5 of 6
[2020-06-01 15:33:25,071] {__init__.py:1355} INFO - 
--------------------------------------------------------------------------------
[2020-06-01 15:33:25,076] {__init__.py:1374} INFO - Executing <Task(BigQueryOperator): load_public_data> on 2020-05-31T09:00:00+00:00
[2020-06-01 15:33:25,076] {base_task_runner.py:119} INFO - Running: ['airflow', 'run', 'covid_italy_daily', 'load_public_data', '2020-05-31T09:00:00+00:00', '--job_id', '42', '--raw', '-sd', 'DAGS_FOLDER/covid_italy_daily.py', '--cfg_path', '/var/folders/y6/nhshp1rd3kj1kwtclmvq1nfsrtp362/T/tmph79te91a']
[2020-06-01 15:33:25,673] {base_task_runner.py:101} INFO - Job 42: Subtask load_public_data [2020-06-01 15:33:25,672] {__init__.py:51} INFO - Using executor SequentialExecutor
[2020-06-01 15:33:25,873] {base_task_runner.py:101} INFO - Job 42: Subtask load_public_data [2020-06-01 15:33:25,872] {__init__.py:305} INFO - Filling up the DagBag from /Users/rebecca.vickery/Documents/Github/airflow_sandbox/airflow/dags/covid_italy_daily.py
[2020-06-01 15:33:26,161] {base_task_runner.py:101} INFO - Job 42: Subtask load_public_data [2020-06-01 15:33:26,161] {cli.py:517} INFO - Running <TaskInstance: covid_italy_daily.load_public_data 2020-05-31T09:00:00+00:00 [running]> on host HX3286T2.local
[2020-06-01 15:33:26,177] {bigquery_operator.py:184} INFO - Executing: 
    #standardSQL
            select date, 
    sum(total_confirmed_cases) as total_confirmed_cases
    from bigquery-public-data.covid19_italy.data_by_region
    where DATE(date) = '2020-05-31'
    group by date
    
[2020-06-01 15:33:27,586] {logging_mixin.py:95} INFO - [2020-06-01 15:33:27,586] {bigquery_hook.py:1251} INFO - Waiting for job to complete : sandbox-278915, job_3O8diyVsF7h_JrrHcEibb8MDa7X3
[2020-06-01 15:33:35,068] {logging_mixin.py:95} INFO - [2020-06-01 15:33:35,067] {jobs.py:2562} INFO - Task exited with return code 0
