[2020-05-31 13:36:02,353] {__init__.py:1139} INFO - Dependencies all met for <TaskInstance: tutorial.sleep 2020-05-29T00:00:00+00:00 [queued]>
[2020-05-31 13:36:02,360] {__init__.py:1139} INFO - Dependencies all met for <TaskInstance: tutorial.sleep 2020-05-29T00:00:00+00:00 [queued]>
[2020-05-31 13:36:02,360] {__init__.py:1353} INFO - 
--------------------------------------------------------------------------------
[2020-05-31 13:36:02,360] {__init__.py:1354} INFO - Starting attempt 1 of 2
[2020-05-31 13:36:02,360] {__init__.py:1355} INFO - 
--------------------------------------------------------------------------------
[2020-05-31 13:36:02,366] {__init__.py:1374} INFO - Executing <Task(BashOperator): sleep> on 2020-05-29T00:00:00+00:00
[2020-05-31 13:36:02,366] {base_task_runner.py:119} INFO - Running: ['airflow', 'run', 'tutorial', 'sleep', '2020-05-29T00:00:00+00:00', '--job_id', '9', '--raw', '-sd', '/Users/rebecca.vickery/.local/share/virtualenvs/airflow_sandbox-x5mYwKUH/lib/python3.7/site-packages/airflow/example_dags/tutorial.py', '--cfg_path', '/var/folders/y6/nhshp1rd3kj1kwtclmvq1nfsrtp362/T/tmpxgf0cuig']
[2020-05-31 13:36:03,023] {base_task_runner.py:101} INFO - Job 9: Subtask sleep [2020-05-31 13:36:03,022] {__init__.py:51} INFO - Using executor SequentialExecutor
[2020-05-31 13:36:03,249] {base_task_runner.py:101} INFO - Job 9: Subtask sleep [2020-05-31 13:36:03,249] {__init__.py:305} INFO - Filling up the DagBag from /Users/rebecca.vickery/.local/share/virtualenvs/airflow_sandbox-x5mYwKUH/lib/python3.7/site-packages/airflow/example_dags/tutorial.py
[2020-05-31 13:36:03,266] {base_task_runner.py:101} INFO - Job 9: Subtask sleep [2020-05-31 13:36:03,266] {cli.py:517} INFO - Running <TaskInstance: tutorial.sleep 2020-05-29T00:00:00+00:00 [running]> on host HX3286T2.local
[2020-05-31 13:36:03,281] {bash_operator.py:81} INFO - Tmp dir root location: 
 /var/folders/y6/nhshp1rd3kj1kwtclmvq1nfsrtp362/T
[2020-05-31 13:36:03,281] {bash_operator.py:90} INFO - Exporting the following env vars:
AIRFLOW_CTX_DAG_ID=tutorial
AIRFLOW_CTX_TASK_ID=sleep
AIRFLOW_CTX_EXECUTION_DATE=2020-05-29T00:00:00+00:00
AIRFLOW_CTX_DAG_RUN_ID=backfill_2020-05-29T00:00:00+00:00
[2020-05-31 13:36:03,282] {bash_operator.py:104} INFO - Temporary script location: /var/folders/y6/nhshp1rd3kj1kwtclmvq1nfsrtp362/T/airflowtmpl_brnlk7/sleepofjmmbo4
[2020-05-31 13:36:03,282] {bash_operator.py:114} INFO - Running command: sleep 5
[2020-05-31 13:36:03,288] {bash_operator.py:123} INFO - Output:
[2020-05-31 13:36:08,298] {bash_operator.py:131} INFO - Command exited with return code 0
[2020-05-31 13:36:12,359] {logging_mixin.py:95} INFO - [2020-05-31 13:36:12,358] {jobs.py:2562} INFO - Task exited with return code 0
