[2020-05-31 13:35:56,390] {__init__.py:1139} INFO - Dependencies all met for <TaskInstance: tutorial.print_date 2020-05-30T00:00:00+00:00 [queued]>
[2020-05-31 13:35:56,393] {__init__.py:1139} INFO - Dependencies all met for <TaskInstance: tutorial.print_date 2020-05-30T00:00:00+00:00 [queued]>
[2020-05-31 13:35:56,393] {__init__.py:1353} INFO - 
--------------------------------------------------------------------------------
[2020-05-31 13:35:56,393] {__init__.py:1354} INFO - Starting attempt 1 of 2
[2020-05-31 13:35:56,394] {__init__.py:1355} INFO - 
--------------------------------------------------------------------------------
[2020-05-31 13:35:56,399] {__init__.py:1374} INFO - Executing <Task(BashOperator): print_date> on 2020-05-30T00:00:00+00:00
[2020-05-31 13:35:56,399] {base_task_runner.py:119} INFO - Running: ['airflow', 'run', 'tutorial', 'print_date', '2020-05-30T00:00:00+00:00', '--job_id', '8', '--raw', '-sd', '/Users/rebecca.vickery/.local/share/virtualenvs/airflow_sandbox-x5mYwKUH/lib/python3.7/site-packages/airflow/example_dags/tutorial.py', '--cfg_path', '/var/folders/y6/nhshp1rd3kj1kwtclmvq1nfsrtp362/T/tmp3e9tomc_']
[2020-05-31 13:35:57,001] {base_task_runner.py:101} INFO - Job 8: Subtask print_date [2020-05-31 13:35:57,001] {__init__.py:51} INFO - Using executor SequentialExecutor
[2020-05-31 13:35:57,217] {base_task_runner.py:101} INFO - Job 8: Subtask print_date [2020-05-31 13:35:57,217] {__init__.py:305} INFO - Filling up the DagBag from /Users/rebecca.vickery/.local/share/virtualenvs/airflow_sandbox-x5mYwKUH/lib/python3.7/site-packages/airflow/example_dags/tutorial.py
[2020-05-31 13:35:57,233] {base_task_runner.py:101} INFO - Job 8: Subtask print_date [2020-05-31 13:35:57,233] {cli.py:517} INFO - Running <TaskInstance: tutorial.print_date 2020-05-30T00:00:00+00:00 [running]> on host HX3286T2.local
[2020-05-31 13:35:57,246] {bash_operator.py:81} INFO - Tmp dir root location: 
 /var/folders/y6/nhshp1rd3kj1kwtclmvq1nfsrtp362/T
[2020-05-31 13:35:57,246] {bash_operator.py:90} INFO - Exporting the following env vars:
AIRFLOW_CTX_DAG_ID=tutorial
AIRFLOW_CTX_TASK_ID=print_date
AIRFLOW_CTX_EXECUTION_DATE=2020-05-30T00:00:00+00:00
AIRFLOW_CTX_DAG_RUN_ID=backfill_2020-05-30T00:00:00+00:00
[2020-05-31 13:35:57,247] {bash_operator.py:104} INFO - Temporary script location: /var/folders/y6/nhshp1rd3kj1kwtclmvq1nfsrtp362/T/airflowtmppo4zr7ue/print_date06muz13a
[2020-05-31 13:35:57,247] {bash_operator.py:114} INFO - Running command: date
[2020-05-31 13:35:57,253] {bash_operator.py:123} INFO - Output:
[2020-05-31 13:35:57,258] {bash_operator.py:127} INFO - Sun 31 May 2020 13:35:57 BST
[2020-05-31 13:35:57,259] {bash_operator.py:131} INFO - Command exited with return code 0
[2020-05-31 13:36:01,392] {logging_mixin.py:95} INFO - [2020-05-31 13:36:01,392] {jobs.py:2562} INFO - Task exited with return code 0
