[2020-06-05 13:21:40,143] {__init__.py:1139} INFO - Dependencies all met for <TaskInstance: covid_italy_daily.check_public_data_exists 2020-06-04T09:00:00+00:00 [queued]>
[2020-06-05 13:21:40,146] {__init__.py:1139} INFO - Dependencies all met for <TaskInstance: covid_italy_daily.check_public_data_exists 2020-06-04T09:00:00+00:00 [queued]>
[2020-06-05 13:21:40,147] {__init__.py:1353} INFO - 
--------------------------------------------------------------------------------
[2020-06-05 13:21:40,147] {__init__.py:1354} INFO - Starting attempt 1 of 1
[2020-06-05 13:21:40,147] {__init__.py:1355} INFO - 
--------------------------------------------------------------------------------
[2020-06-05 13:21:40,153] {__init__.py:1374} INFO - Executing <Task(BigQueryCheckOperator): check_public_data_exists> on 2020-06-04T09:00:00+00:00
[2020-06-05 13:21:40,153] {base_task_runner.py:119} INFO - Running: ['airflow', 'run', 'covid_italy_daily', 'check_public_data_exists', '2020-06-04T09:00:00+00:00', '--job_id', '62', '--raw', '-sd', 'DAGS_FOLDER/covid_italy_daily.py', '--cfg_path', '/var/folders/y6/nhshp1rd3kj1kwtclmvq1nfsrtp362/T/tmp1cavpoj1']
[2020-06-05 13:21:40,881] {base_task_runner.py:101} INFO - Job 62: Subtask check_public_data_exists [2020-06-05 13:21:40,881] {__init__.py:51} INFO - Using executor SequentialExecutor
[2020-06-05 13:21:41,087] {base_task_runner.py:101} INFO - Job 62: Subtask check_public_data_exists [2020-06-05 13:21:41,086] {__init__.py:305} INFO - Filling up the DagBag from /Users/rebecca.vickery/Documents/Github/airflow_sandbox/airflow/dags/covid_italy_daily.py
[2020-06-05 13:21:41,477] {base_task_runner.py:101} INFO - Job 62: Subtask check_public_data_exists [2020-06-05 13:21:41,477] {cli.py:517} INFO - Running <TaskInstance: covid_italy_daily.check_public_data_exists 2020-06-04T09:00:00+00:00 [running]> on host HX3286T2.local
[2020-06-05 13:21:41,498] {check_operator.py:80} INFO - Executing SQL check: 
                            select count(*) > 0
                            from bigquery-public-data.covid19_italy.data_by_region
                            where DATE(date) = '2020-06-04'
                        
[2020-06-05 13:21:41,871] {logging_mixin.py:95} WARNING - /Users/rebecca.vickery/.local/share/virtualenvs/airflow_sandbox-x5mYwKUH/lib/python3.7/site-packages/airflow/contrib/hooks/bigquery_hook.py:739: DeprecationWarning: Deprecated parameter `bql` used in `BigQueryBaseCursor.run_query` Use `sql` parameter instead to pass the sql to be executed. `bql` parameter is deprecated and will be removed in a future version of Airflow.
  category=DeprecationWarning)
[2020-06-05 13:21:42,842] {logging_mixin.py:95} INFO - [2020-06-05 13:21:42,842] {bigquery_hook.py:1251} INFO - Waiting for job to complete : sandbox-278915, job_HtUCyapCe3dj7TeQInKP_9lRRiQb
[2020-06-05 13:21:48,407] {check_operator.py:82} INFO - Record: [True]
[2020-06-05 13:21:48,407] {check_operator.py:88} INFO - Success.
[2020-06-05 13:21:50,168] {logging_mixin.py:95} INFO - [2020-06-05 13:21:50,167] {jobs.py:2562} INFO - Task exited with return code 0
