[2020-05-31 13:36:19,400] {__init__.py:1139} INFO - Dependencies all met for <TaskInstance: tutorial.sleep 2020-05-28T00:00:00+00:00 [queued]>
[2020-05-31 13:36:19,407] {__init__.py:1139} INFO - Dependencies all met for <TaskInstance: tutorial.sleep 2020-05-28T00:00:00+00:00 [queued]>
[2020-05-31 13:36:19,407] {__init__.py:1353} INFO - 
--------------------------------------------------------------------------------
[2020-05-31 13:36:19,407] {__init__.py:1354} INFO - Starting attempt 1 of 2
[2020-05-31 13:36:19,407] {__init__.py:1355} INFO - 
--------------------------------------------------------------------------------
[2020-05-31 13:36:19,412] {__init__.py:1374} INFO - Executing <Task(BashOperator): sleep> on 2020-05-28T00:00:00+00:00
[2020-05-31 13:36:19,412] {base_task_runner.py:119} INFO - Running: ['airflow', 'run', 'tutorial', 'sleep', '2020-05-28T00:00:00+00:00', '--job_id', '11', '--raw', '-sd', '/Users/rebecca.vickery/.local/share/virtualenvs/airflow_sandbox-x5mYwKUH/lib/python3.7/site-packages/airflow/example_dags/tutorial.py', '--cfg_path', '/var/folders/y6/nhshp1rd3kj1kwtclmvq1nfsrtp362/T/tmpgbadq837']
[2020-05-31 13:36:20,020] {base_task_runner.py:101} INFO - Job 11: Subtask sleep [2020-05-31 13:36:20,020] {__init__.py:51} INFO - Using executor SequentialExecutor
[2020-05-31 13:36:20,210] {base_task_runner.py:101} INFO - Job 11: Subtask sleep [2020-05-31 13:36:20,210] {__init__.py:305} INFO - Filling up the DagBag from /Users/rebecca.vickery/.local/share/virtualenvs/airflow_sandbox-x5mYwKUH/lib/python3.7/site-packages/airflow/example_dags/tutorial.py
[2020-05-31 13:36:20,221] {base_task_runner.py:101} INFO - Job 11: Subtask sleep [2020-05-31 13:36:20,221] {cli.py:517} INFO - Running <TaskInstance: tutorial.sleep 2020-05-28T00:00:00+00:00 [running]> on host HX3286T2.local
[2020-05-31 13:36:20,231] {bash_operator.py:81} INFO - Tmp dir root location: 
 /var/folders/y6/nhshp1rd3kj1kwtclmvq1nfsrtp362/T
[2020-05-31 13:36:20,231] {bash_operator.py:90} INFO - Exporting the following env vars:
AIRFLOW_CTX_DAG_ID=tutorial
AIRFLOW_CTX_TASK_ID=sleep
AIRFLOW_CTX_EXECUTION_DATE=2020-05-28T00:00:00+00:00
AIRFLOW_CTX_DAG_RUN_ID=backfill_2020-05-28T00:00:00+00:00
[2020-05-31 13:36:20,232] {bash_operator.py:104} INFO - Temporary script location: /var/folders/y6/nhshp1rd3kj1kwtclmvq1nfsrtp362/T/airflowtmpt0wvx7f3/sleepj_kg3tdq
[2020-05-31 13:36:20,232] {bash_operator.py:114} INFO - Running command: sleep 5
[2020-05-31 13:36:20,237] {bash_operator.py:123} INFO - Output:
[2020-05-31 13:36:25,245] {bash_operator.py:131} INFO - Command exited with return code 0
[2020-05-31 13:36:29,408] {logging_mixin.py:95} INFO - [2020-05-31 13:36:29,407] {jobs.py:2562} INFO - Task exited with return code 0
