[2020-06-02 08:26:26,549] {__init__.py:1139} INFO - Dependencies all met for <TaskInstance: tutorial.sleep 2020-06-01T00:00:00+00:00 [queued]>
[2020-06-02 08:26:26,555] {__init__.py:1139} INFO - Dependencies all met for <TaskInstance: tutorial.sleep 2020-06-01T00:00:00+00:00 [queued]>
[2020-06-02 08:26:26,555] {__init__.py:1353} INFO - 
--------------------------------------------------------------------------------
[2020-06-02 08:26:26,556] {__init__.py:1354} INFO - Starting attempt 1 of 2
[2020-06-02 08:26:26,556] {__init__.py:1355} INFO - 
--------------------------------------------------------------------------------
[2020-06-02 08:26:26,560] {__init__.py:1374} INFO - Executing <Task(BashOperator): sleep> on 2020-06-01T00:00:00+00:00
[2020-06-02 08:26:26,560] {base_task_runner.py:119} INFO - Running: ['airflow', 'run', 'tutorial', 'sleep', '2020-06-01T00:00:00+00:00', '--job_id', '45', '--raw', '-sd', '/Users/rebecca.vickery/.local/share/virtualenvs/airflow_sandbox-x5mYwKUH/lib/python3.7/site-packages/airflow/example_dags/tutorial.py', '--cfg_path', '/var/folders/y6/nhshp1rd3kj1kwtclmvq1nfsrtp362/T/tmpcak0y58b']
[2020-06-02 08:26:27,139] {base_task_runner.py:101} INFO - Job 45: Subtask sleep [2020-06-02 08:26:27,138] {__init__.py:51} INFO - Using executor SequentialExecutor
[2020-06-02 08:26:27,413] {base_task_runner.py:101} INFO - Job 45: Subtask sleep [2020-06-02 08:26:27,412] {__init__.py:305} INFO - Filling up the DagBag from /Users/rebecca.vickery/.local/share/virtualenvs/airflow_sandbox-x5mYwKUH/lib/python3.7/site-packages/airflow/example_dags/tutorial.py
[2020-06-02 08:26:27,427] {base_task_runner.py:101} INFO - Job 45: Subtask sleep [2020-06-02 08:26:27,427] {cli.py:517} INFO - Running <TaskInstance: tutorial.sleep 2020-06-01T00:00:00+00:00 [running]> on host HX3286T2.local
[2020-06-02 08:26:27,438] {bash_operator.py:81} INFO - Tmp dir root location: 
 /var/folders/y6/nhshp1rd3kj1kwtclmvq1nfsrtp362/T
[2020-06-02 08:26:27,439] {bash_operator.py:90} INFO - Exporting the following env vars:
AIRFLOW_CTX_DAG_ID=tutorial
AIRFLOW_CTX_TASK_ID=sleep
AIRFLOW_CTX_EXECUTION_DATE=2020-06-01T00:00:00+00:00
AIRFLOW_CTX_DAG_RUN_ID=scheduled__2020-06-01T00:00:00+00:00
[2020-06-02 08:26:27,439] {bash_operator.py:104} INFO - Temporary script location: /var/folders/y6/nhshp1rd3kj1kwtclmvq1nfsrtp362/T/airflowtmp8_x7suai/sleepowayvjj2
[2020-06-02 08:26:27,439] {bash_operator.py:114} INFO - Running command: sleep 5
[2020-06-02 08:26:27,444] {bash_operator.py:123} INFO - Output:
[2020-06-02 08:26:32,456] {bash_operator.py:131} INFO - Command exited with return code 0
[2020-06-02 08:26:36,556] {logging_mixin.py:95} INFO - [2020-06-02 08:26:36,555] {jobs.py:2562} INFO - Task exited with return code 0
